-------------------------------------------------------------------------------
Test set: edu.upc.etsetb.arqsoft.spreadsheet.entities.impl.SpreadsheetTest
-------------------------------------------------------------------------------
Tests run: 1, Failures: 0, Errors: 1, Skipped: 0, Time elapsed: 0.246 sec <<< FAILURE!
testSetCellContent_Formula_Numbers_CellRefs_Func_NumCellRefsArgs(edu.upc.etsetb.arqsoft.spreadsheet.entities.impl.SpreadsheetTest)  Time elapsed: 0.074 sec  <<< ERROR!
java.lang.NullPointerException: Cannot invoke "edu.upc.etsetb.arqsoft.spreadsheet.entities.SpreadsheetHashMapImpl.getCell(edu.upc.etsetb.arqsoft.spreadsheet.entities.CellCoordinate)" because "this.spreadsheet" is null
	at edu.upc.etsetb.arqsoft.spreadsheet.entities.functions.impl.FunctionImpl.replaceCoordinatesByCells(FunctionImpl.java:46)
	at edu.upc.etsetb.arqsoft.spreadsheet.entities.functions.impl.SumFunction.calculateFunction(SumFunction.java:23)
	at edu.upc.etsetb.arqsoft.spreadsheet.entities.functions.impl.SumFunction.getFormulaComponentValue(SumFunction.java:37)
	at edu.upc.etsetb.arqsoft.spreadsheet.entities.formulas.OperatorImpl.operate(OperatorImpl.java:54)
	at edu.upc.etsetb.arqsoft.spreadsheet.entities.formulas.VisitorFormulaComponents.visitOperator(VisitorFormulaComponents.java:38)
	at edu.upc.etsetb.arqsoft.spreadsheet.entities.formulas.OperatorImpl.acceptVisitor(OperatorImpl.java:43)
	at edu.upc.etsetb.arqsoft.spreadsheet.entities.formulas.EvaluatorPostFix.evaluatePostFix(EvaluatorPostFix.java:30)
	at edu.upc.etsetb.arqsoft.spreadsheet.entities.formulas.FormulaEvaluator.evaluateFormula(FormulaEvaluator.java:31)
	at edu.upc.etsetb.arqsoft.spreadsheet.entities.SpreadsheetHashMapImpl.getCellContentAsDouble(SpreadsheetHashMapImpl.java:168)
	at edu.upc.etsetb.arqsoft.spreadsheet.entities.impl.SpreadsheetTest.testSetCellContent_Formula_Numbers_CellRefs_Func_NumCellRefsArgs(SpreadsheetTest.java:180)
	at java.base/jdk.internal.reflect.NativeMethodAccessorImpl.invoke0(Native Method)
	at java.base/jdk.internal.reflect.NativeMethodAccessorImpl.invoke(NativeMethodAccessorImpl.java:64)
	at java.base/jdk.internal.reflect.DelegatingMethodAccessorImpl.invoke(DelegatingMethodAccessorImpl.java:43)
	at java.base/java.lang.reflect.Method.invoke(Method.java:564)
	at org.junit.runners.model.FrameworkMethod$1.runReflectiveCall(FrameworkMethod.java:50)
	at org.junit.internal.runners.model.ReflectiveCallable.run(ReflectiveCallable.java:12)
	at org.junit.runners.model.FrameworkMethod.invokeExplosively(FrameworkMethod.java:47)
	at org.junit.internal.runners.statements.InvokeMethod.evaluate(InvokeMethod.java:17)
	at org.junit.internal.runners.statements.RunBefores.evaluate(RunBefores.java:26)
	at org.junit.internal.runners.statements.RunAfters.evaluate(RunAfters.java:27)
	at org.junit.runners.ParentRunner.runLeaf(ParentRunner.java:325)
	at org.junit.runners.BlockJUnit4ClassRunner.runChild(BlockJUnit4ClassRunner.java:78)
	at org.junit.runners.BlockJUnit4ClassRunner.runChild(BlockJUnit4ClassRunner.java:57)
	at org.junit.runners.ParentRunner$3.run(ParentRunner.java:290)
	at org.junit.runners.ParentRunner$1.schedule(ParentRunner.java:71)
	at org.junit.runners.ParentRunner.runChildren(ParentRunner.java:288)
	at org.junit.runners.ParentRunner.access$000(ParentRunner.java:58)
	at org.junit.runners.ParentRunner$2.evaluate(ParentRunner.java:268)
	at org.junit.internal.runners.statements.RunBefores.evaluate(RunBefores.java:26)
	at org.junit.internal.runners.statements.RunAfters.evaluate(RunAfters.java:27)
	at org.junit.runners.ParentRunner.run(ParentRunner.java:363)
	at org.apache.maven.surefire.junit4.JUnit4Provider.execute(JUnit4Provider.java:252)
	at org.apache.maven.surefire.junit4.JUnit4Provider.executeTestSet(JUnit4Provider.java:141)
	at org.apache.maven.surefire.junit4.JUnit4Provider.invoke(JUnit4Provider.java:112)
	at java.base/jdk.internal.reflect.NativeMethodAccessorImpl.invoke0(Native Method)
	at java.base/jdk.internal.reflect.NativeMethodAccessorImpl.invoke(NativeMethodAccessorImpl.java:64)
	at java.base/jdk.internal.reflect.DelegatingMethodAccessorImpl.invoke(DelegatingMethodAccessorImpl.java:43)
	at java.base/java.lang.reflect.Method.invoke(Method.java:564)
	at org.apache.maven.surefire.util.ReflectionUtils.invokeMethodWithArray(ReflectionUtils.java:189)
	at org.apache.maven.surefire.booter.ProviderFactory$ProviderProxy.invoke(ProviderFactory.java:165)
	at org.apache.maven.surefire.booter.ProviderFactory.invokeProvider(ProviderFactory.java:85)
	at org.apache.maven.surefire.booter.ForkedBooter.runSuitesInProcess(ForkedBooter.java:115)
	at org.apache.maven.surefire.booter.ForkedBooter.main(ForkedBooter.java:75)

