-------------------------------------------------------------------------------
Test set: edu.upc.etsetb.arqsoft.spreadsheet.entities.impl.SpreadsheetTest
-------------------------------------------------------------------------------
Tests run: 15, Failures: 0, Errors: 13, Skipped: 0, Time elapsed: 0.657 sec <<< FAILURE!
testSetCellContent_Formula_Numbers_2Level2RBs(edu.upc.etsetb.arqsoft.spreadsheet.entities.impl.SpreadsheetTest)  Time elapsed: 0.037 sec  <<< ERROR!
java.lang.NullPointerException: Cannot invoke "edu.upc.etsetb.arqsoft.spreadsheet.entities.factories.SpreadsheetFactory.createToken(edu.upc.etsetb.arqsoft.spreadsheet.usecases.postfix.TokenType, String)" because "this.c" is null
	at edu.upc.etsetb.arqsoft.spreadsheet.usecases.postfix.impl.TokenizerImpl.d(Unknown Source)
	at edu.upc.etsetb.arqsoft.spreadsheet.usecases.postfix.impl.TokenizerImpl.b(Unknown Source)
	at edu.upc.etsetb.arqsoft.spreadsheet.usecases.postfix.impl.TokenizerImpl.tokenize(Unknown Source)
	at edu.upc.etsetb.arqsoft.spreadsheet.entities.SpreadsheetHashMapImpl.classifyContent(SpreadsheetHashMapImpl.java:76)
	at edu.upc.etsetb.arqsoft.spreadsheet.entities.SpreadsheetHashMapImpl.setCellContent(SpreadsheetHashMapImpl.java:54)
	at edu.upc.etsetb.arqsoft.spreadsheet.entities.impl.SpreadsheetTest.testSetCellContent_Formula_Numbers_2Level2RBs(SpreadsheetTest.java:129)
	at java.base/jdk.internal.reflect.NativeMethodAccessorImpl.invoke0(Native Method)
	at java.base/jdk.internal.reflect.NativeMethodAccessorImpl.invoke(NativeMethodAccessorImpl.java:64)
	at java.base/jdk.internal.reflect.DelegatingMethodAccessorImpl.invoke(DelegatingMethodAccessorImpl.java:43)
	at java.base/java.lang.reflect.Method.invoke(Method.java:564)
	at org.junit.runners.model.FrameworkMethod$1.runReflectiveCall(FrameworkMethod.java:50)
	at org.junit.internal.runners.model.ReflectiveCallable.run(ReflectiveCallable.java:12)
	at org.junit.runners.model.FrameworkMethod.invokeExplosively(FrameworkMethod.java:47)
	at org.junit.internal.runners.statements.InvokeMethod.evaluate(InvokeMethod.java:17)
	at org.junit.internal.runners.statements.RunBefores.evaluate(RunBefores.java:26)
	at org.junit.internal.runners.statements.RunAfters.evaluate(RunAfters.java:27)
	at org.junit.runners.ParentRunner.runLeaf(ParentRunner.java:325)
	at org.junit.runners.BlockJUnit4ClassRunner.runChild(BlockJUnit4ClassRunner.java:78)
	at org.junit.runners.BlockJUnit4ClassRunner.runChild(BlockJUnit4ClassRunner.java:57)
	at org.junit.runners.ParentRunner$3.run(ParentRunner.java:290)
	at org.junit.runners.ParentRunner$1.schedule(ParentRunner.java:71)
	at org.junit.runners.ParentRunner.runChildren(ParentRunner.java:288)
	at org.junit.runners.ParentRunner.access$000(ParentRunner.java:58)
	at org.junit.runners.ParentRunner$2.evaluate(ParentRunner.java:268)
	at org.junit.internal.runners.statements.RunBefores.evaluate(RunBefores.java:26)
	at org.junit.internal.runners.statements.RunAfters.evaluate(RunAfters.java:27)
	at org.junit.runners.ParentRunner.run(ParentRunner.java:363)
	at org.apache.maven.surefire.junit4.JUnit4Provider.execute(JUnit4Provider.java:252)
	at org.apache.maven.surefire.junit4.JUnit4Provider.executeTestSet(JUnit4Provider.java:141)
	at org.apache.maven.surefire.junit4.JUnit4Provider.invoke(JUnit4Provider.java:112)
	at java.base/jdk.internal.reflect.NativeMethodAccessorImpl.invoke0(Native Method)
	at java.base/jdk.internal.reflect.NativeMethodAccessorImpl.invoke(NativeMethodAccessorImpl.java:64)
	at java.base/jdk.internal.reflect.DelegatingMethodAccessorImpl.invoke(DelegatingMethodAccessorImpl.java:43)
	at java.base/java.lang.reflect.Method.invoke(Method.java:564)
	at org.apache.maven.surefire.util.ReflectionUtils.invokeMethodWithArray(ReflectionUtils.java:189)
	at org.apache.maven.surefire.booter.ProviderFactory$ProviderProxy.invoke(ProviderFactory.java:165)
	at org.apache.maven.surefire.booter.ProviderFactory.invokeProvider(ProviderFactory.java:85)
	at org.apache.maven.surefire.booter.ForkedBooter.runSuitesInProcess(ForkedBooter.java:115)
	at org.apache.maven.surefire.booter.ForkedBooter.main(ForkedBooter.java:75)

testSetCellContent_Formula_Numbers_CellRefs_1LevelRBs(edu.upc.etsetb.arqsoft.spreadsheet.entities.impl.SpreadsheetTest)  Time elapsed: 0.001 sec  <<< ERROR!
java.lang.NullPointerException: Cannot invoke "edu.upc.etsetb.arqsoft.spreadsheet.entities.factories.SpreadsheetFactory.createToken(edu.upc.etsetb.arqsoft.spreadsheet.usecases.postfix.TokenType, String)" because "this.c" is null
	at edu.upc.etsetb.arqsoft.spreadsheet.usecases.postfix.impl.TokenizerImpl.f(Unknown Source)
	at edu.upc.etsetb.arqsoft.spreadsheet.usecases.postfix.impl.TokenizerImpl.b(Unknown Source)
	at edu.upc.etsetb.arqsoft.spreadsheet.usecases.postfix.impl.TokenizerImpl.tokenize(Unknown Source)
	at edu.upc.etsetb.arqsoft.spreadsheet.entities.SpreadsheetHashMapImpl.classifyContent(SpreadsheetHashMapImpl.java:76)
	at edu.upc.etsetb.arqsoft.spreadsheet.entities.SpreadsheetHashMapImpl.setCellContent(SpreadsheetHashMapImpl.java:54)
	at edu.upc.etsetb.arqsoft.spreadsheet.entities.impl.SpreadsheetTest.testSetCellContent_Formula_Numbers_CellRefs_1LevelRBs(SpreadsheetTest.java:147)
	at java.base/jdk.internal.reflect.NativeMethodAccessorImpl.invoke0(Native Method)
	at java.base/jdk.internal.reflect.NativeMethodAccessorImpl.invoke(NativeMethodAccessorImpl.java:64)
	at java.base/jdk.internal.reflect.DelegatingMethodAccessorImpl.invoke(DelegatingMethodAccessorImpl.java:43)
	at java.base/java.lang.reflect.Method.invoke(Method.java:564)
	at org.junit.runners.model.FrameworkMethod$1.runReflectiveCall(FrameworkMethod.java:50)
	at org.junit.internal.runners.model.ReflectiveCallable.run(ReflectiveCallable.java:12)
	at org.junit.runners.model.FrameworkMethod.invokeExplosively(FrameworkMethod.java:47)
	at org.junit.internal.runners.statements.InvokeMethod.evaluate(InvokeMethod.java:17)
	at org.junit.internal.runners.statements.RunBefores.evaluate(RunBefores.java:26)
	at org.junit.internal.runners.statements.RunAfters.evaluate(RunAfters.java:27)
	at org.junit.runners.ParentRunner.runLeaf(ParentRunner.java:325)
	at org.junit.runners.BlockJUnit4ClassRunner.runChild(BlockJUnit4ClassRunner.java:78)
	at org.junit.runners.BlockJUnit4ClassRunner.runChild(BlockJUnit4ClassRunner.java:57)
	at org.junit.runners.ParentRunner$3.run(ParentRunner.java:290)
	at org.junit.runners.ParentRunner$1.schedule(ParentRunner.java:71)
	at org.junit.runners.ParentRunner.runChildren(ParentRunner.java:288)
	at org.junit.runners.ParentRunner.access$000(ParentRunner.java:58)
	at org.junit.runners.ParentRunner$2.evaluate(ParentRunner.java:268)
	at org.junit.internal.runners.statements.RunBefores.evaluate(RunBefores.java:26)
	at org.junit.internal.runners.statements.RunAfters.evaluate(RunAfters.java:27)
	at org.junit.runners.ParentRunner.run(ParentRunner.java:363)
	at org.apache.maven.surefire.junit4.JUnit4Provider.execute(JUnit4Provider.java:252)
	at org.apache.maven.surefire.junit4.JUnit4Provider.executeTestSet(JUnit4Provider.java:141)
	at org.apache.maven.surefire.junit4.JUnit4Provider.invoke(JUnit4Provider.java:112)
	at java.base/jdk.internal.reflect.NativeMethodAccessorImpl.invoke0(Native Method)
	at java.base/jdk.internal.reflect.NativeMethodAccessorImpl.invoke(NativeMethodAccessorImpl.java:64)
	at java.base/jdk.internal.reflect.DelegatingMethodAccessorImpl.invoke(DelegatingMethodAccessorImpl.java:43)
	at java.base/java.lang.reflect.Method.invoke(Method.java:564)
	at org.apache.maven.surefire.util.ReflectionUtils.invokeMethodWithArray(ReflectionUtils.java:189)
	at org.apache.maven.surefire.booter.ProviderFactory$ProviderProxy.invoke(ProviderFactory.java:165)
	at org.apache.maven.surefire.booter.ProviderFactory.invokeProvider(ProviderFactory.java:85)
	at org.apache.maven.surefire.booter.ForkedBooter.runSuitesInProcess(ForkedBooter.java:115)
	at org.apache.maven.surefire.booter.ForkedBooter.main(ForkedBooter.java:75)

testSetCellContent_Formula_Numbers_CellRefs_Func_NumCellRefsArgs(edu.upc.etsetb.arqsoft.spreadsheet.entities.impl.SpreadsheetTest)  Time elapsed: 0.008 sec  <<< ERROR!
java.lang.NullPointerException: Cannot invoke "edu.upc.etsetb.arqsoft.spreadsheet.entities.factories.SpreadsheetFactory.createToken(edu.upc.etsetb.arqsoft.spreadsheet.usecases.postfix.TokenType, String)" because "this.c" is null
	at edu.upc.etsetb.arqsoft.spreadsheet.usecases.postfix.impl.TokenizerImpl.f(Unknown Source)
	at edu.upc.etsetb.arqsoft.spreadsheet.usecases.postfix.impl.TokenizerImpl.b(Unknown Source)
	at edu.upc.etsetb.arqsoft.spreadsheet.usecases.postfix.impl.TokenizerImpl.tokenize(Unknown Source)
	at edu.upc.etsetb.arqsoft.spreadsheet.entities.SpreadsheetHashMapImpl.classifyContent(SpreadsheetHashMapImpl.java:76)
	at edu.upc.etsetb.arqsoft.spreadsheet.entities.SpreadsheetHashMapImpl.setCellContent(SpreadsheetHashMapImpl.java:54)
	at edu.upc.etsetb.arqsoft.spreadsheet.entities.impl.SpreadsheetTest.testSetCellContent_Formula_Numbers_CellRefs_Func_NumCellRefsArgs(SpreadsheetTest.java:175)
	at java.base/jdk.internal.reflect.NativeMethodAccessorImpl.invoke0(Native Method)
	at java.base/jdk.internal.reflect.NativeMethodAccessorImpl.invoke(NativeMethodAccessorImpl.java:64)
	at java.base/jdk.internal.reflect.DelegatingMethodAccessorImpl.invoke(DelegatingMethodAccessorImpl.java:43)
	at java.base/java.lang.reflect.Method.invoke(Method.java:564)
	at org.junit.runners.model.FrameworkMethod$1.runReflectiveCall(FrameworkMethod.java:50)
	at org.junit.internal.runners.model.ReflectiveCallable.run(ReflectiveCallable.java:12)
	at org.junit.runners.model.FrameworkMethod.invokeExplosively(FrameworkMethod.java:47)
	at org.junit.internal.runners.statements.InvokeMethod.evaluate(InvokeMethod.java:17)
	at org.junit.internal.runners.statements.RunBefores.evaluate(RunBefores.java:26)
	at org.junit.internal.runners.statements.RunAfters.evaluate(RunAfters.java:27)
	at org.junit.runners.ParentRunner.runLeaf(ParentRunner.java:325)
	at org.junit.runners.BlockJUnit4ClassRunner.runChild(BlockJUnit4ClassRunner.java:78)
	at org.junit.runners.BlockJUnit4ClassRunner.runChild(BlockJUnit4ClassRunner.java:57)
	at org.junit.runners.ParentRunner$3.run(ParentRunner.java:290)
	at org.junit.runners.ParentRunner$1.schedule(ParentRunner.java:71)
	at org.junit.runners.ParentRunner.runChildren(ParentRunner.java:288)
	at org.junit.runners.ParentRunner.access$000(ParentRunner.java:58)
	at org.junit.runners.ParentRunner$2.evaluate(ParentRunner.java:268)
	at org.junit.internal.runners.statements.RunBefores.evaluate(RunBefores.java:26)
	at org.junit.internal.runners.statements.RunAfters.evaluate(RunAfters.java:27)
	at org.junit.runners.ParentRunner.run(ParentRunner.java:363)
	at org.apache.maven.surefire.junit4.JUnit4Provider.execute(JUnit4Provider.java:252)
	at org.apache.maven.surefire.junit4.JUnit4Provider.executeTestSet(JUnit4Provider.java:141)
	at org.apache.maven.surefire.junit4.JUnit4Provider.invoke(JUnit4Provider.java:112)
	at java.base/jdk.internal.reflect.NativeMethodAccessorImpl.invoke0(Native Method)
	at java.base/jdk.internal.reflect.NativeMethodAccessorImpl.invoke(NativeMethodAccessorImpl.java:64)
	at java.base/jdk.internal.reflect.DelegatingMethodAccessorImpl.invoke(DelegatingMethodAccessorImpl.java:43)
	at java.base/java.lang.reflect.Method.invoke(Method.java:564)
	at org.apache.maven.surefire.util.ReflectionUtils.invokeMethodWithArray(ReflectionUtils.java:189)
	at org.apache.maven.surefire.booter.ProviderFactory$ProviderProxy.invoke(ProviderFactory.java:165)
	at org.apache.maven.surefire.booter.ProviderFactory.invokeProvider(ProviderFactory.java:85)
	at org.apache.maven.surefire.booter.ForkedBooter.runSuitesInProcess(ForkedBooter.java:115)
	at org.apache.maven.surefire.booter.ForkedBooter.main(ForkedBooter.java:75)

testSetCellContent_Formula_Numbers_CellRefs(edu.upc.etsetb.arqsoft.spreadsheet.entities.impl.SpreadsheetTest)  Time elapsed: 0.005 sec  <<< ERROR!
java.lang.NullPointerException: Cannot invoke "edu.upc.etsetb.arqsoft.spreadsheet.entities.factories.SpreadsheetFactory.createToken(edu.upc.etsetb.arqsoft.spreadsheet.usecases.postfix.TokenType, String)" because "this.c" is null
	at edu.upc.etsetb.arqsoft.spreadsheet.usecases.postfix.impl.TokenizerImpl.d(Unknown Source)
	at edu.upc.etsetb.arqsoft.spreadsheet.usecases.postfix.impl.TokenizerImpl.b(Unknown Source)
	at edu.upc.etsetb.arqsoft.spreadsheet.usecases.postfix.impl.TokenizerImpl.tokenize(Unknown Source)
	at edu.upc.etsetb.arqsoft.spreadsheet.entities.SpreadsheetHashMapImpl.classifyContent(SpreadsheetHashMapImpl.java:76)
	at edu.upc.etsetb.arqsoft.spreadsheet.entities.SpreadsheetHashMapImpl.setCellContent(SpreadsheetHashMapImpl.java:54)
	at edu.upc.etsetb.arqsoft.spreadsheet.entities.impl.SpreadsheetTest.testSetCellContent_Formula_Numbers_CellRefs(SpreadsheetTest.java:138)
	at java.base/jdk.internal.reflect.NativeMethodAccessorImpl.invoke0(Native Method)
	at java.base/jdk.internal.reflect.NativeMethodAccessorImpl.invoke(NativeMethodAccessorImpl.java:64)
	at java.base/jdk.internal.reflect.DelegatingMethodAccessorImpl.invoke(DelegatingMethodAccessorImpl.java:43)
	at java.base/java.lang.reflect.Method.invoke(Method.java:564)
	at org.junit.runners.model.FrameworkMethod$1.runReflectiveCall(FrameworkMethod.java:50)
	at org.junit.internal.runners.model.ReflectiveCallable.run(ReflectiveCallable.java:12)
	at org.junit.runners.model.FrameworkMethod.invokeExplosively(FrameworkMethod.java:47)
	at org.junit.internal.runners.statements.InvokeMethod.evaluate(InvokeMethod.java:17)
	at org.junit.internal.runners.statements.RunBefores.evaluate(RunBefores.java:26)
	at org.junit.internal.runners.statements.RunAfters.evaluate(RunAfters.java:27)
	at org.junit.runners.ParentRunner.runLeaf(ParentRunner.java:325)
	at org.junit.runners.BlockJUnit4ClassRunner.runChild(BlockJUnit4ClassRunner.java:78)
	at org.junit.runners.BlockJUnit4ClassRunner.runChild(BlockJUnit4ClassRunner.java:57)
	at org.junit.runners.ParentRunner$3.run(ParentRunner.java:290)
	at org.junit.runners.ParentRunner$1.schedule(ParentRunner.java:71)
	at org.junit.runners.ParentRunner.runChildren(ParentRunner.java:288)
	at org.junit.runners.ParentRunner.access$000(ParentRunner.java:58)
	at org.junit.runners.ParentRunner$2.evaluate(ParentRunner.java:268)
	at org.junit.internal.runners.statements.RunBefores.evaluate(RunBefores.java:26)
	at org.junit.internal.runners.statements.RunAfters.evaluate(RunAfters.java:27)
	at org.junit.runners.ParentRunner.run(ParentRunner.java:363)
	at org.apache.maven.surefire.junit4.JUnit4Provider.execute(JUnit4Provider.java:252)
	at org.apache.maven.surefire.junit4.JUnit4Provider.executeTestSet(JUnit4Provider.java:141)
	at org.apache.maven.surefire.junit4.JUnit4Provider.invoke(JUnit4Provider.java:112)
	at java.base/jdk.internal.reflect.NativeMethodAccessorImpl.invoke0(Native Method)
	at java.base/jdk.internal.reflect.NativeMethodAccessorImpl.invoke(NativeMethodAccessorImpl.java:64)
	at java.base/jdk.internal.reflect.DelegatingMethodAccessorImpl.invoke(DelegatingMethodAccessorImpl.java:43)
	at java.base/java.lang.reflect.Method.invoke(Method.java:564)
	at org.apache.maven.surefire.util.ReflectionUtils.invokeMethodWithArray(ReflectionUtils.java:189)
	at org.apache.maven.surefire.booter.ProviderFactory$ProviderProxy.invoke(ProviderFactory.java:165)
	at org.apache.maven.surefire.booter.ProviderFactory.invokeProvider(ProviderFactory.java:85)
	at org.apache.maven.surefire.booter.ForkedBooter.runSuitesInProcess(ForkedBooter.java:115)
	at org.apache.maven.surefire.booter.ForkedBooter.main(ForkedBooter.java:75)

testSetCellContent_Formula_Numbers_CellRefs_Func_NumCellRefsRangesFunctionsArgs_1(edu.upc.etsetb.arqsoft.spreadsheet.entities.impl.SpreadsheetTest)  Time elapsed: 0.004 sec  <<< ERROR!
java.lang.NullPointerException: Cannot invoke "edu.upc.etsetb.arqsoft.spreadsheet.entities.factories.SpreadsheetFactory.createToken(edu.upc.etsetb.arqsoft.spreadsheet.usecases.postfix.TokenType, String)" because "this.c" is null
	at edu.upc.etsetb.arqsoft.spreadsheet.usecases.postfix.impl.TokenizerImpl.f(Unknown Source)
	at edu.upc.etsetb.arqsoft.spreadsheet.usecases.postfix.impl.TokenizerImpl.b(Unknown Source)
	at edu.upc.etsetb.arqsoft.spreadsheet.usecases.postfix.impl.TokenizerImpl.tokenize(Unknown Source)
	at edu.upc.etsetb.arqsoft.spreadsheet.entities.SpreadsheetHashMapImpl.classifyContent(SpreadsheetHashMapImpl.java:76)
	at edu.upc.etsetb.arqsoft.spreadsheet.entities.SpreadsheetHashMapImpl.setCellContent(SpreadsheetHashMapImpl.java:54)
	at edu.upc.etsetb.arqsoft.spreadsheet.entities.impl.SpreadsheetTest.testSetCellContent_Formula_Numbers_CellRefs_Func_NumCellRefsRangesFunctionsArgs_1(SpreadsheetTest.java:195)
	at java.base/jdk.internal.reflect.NativeMethodAccessorImpl.invoke0(Native Method)
	at java.base/jdk.internal.reflect.NativeMethodAccessorImpl.invoke(NativeMethodAccessorImpl.java:64)
	at java.base/jdk.internal.reflect.DelegatingMethodAccessorImpl.invoke(DelegatingMethodAccessorImpl.java:43)
	at java.base/java.lang.reflect.Method.invoke(Method.java:564)
	at org.junit.runners.model.FrameworkMethod$1.runReflectiveCall(FrameworkMethod.java:50)
	at org.junit.internal.runners.model.ReflectiveCallable.run(ReflectiveCallable.java:12)
	at org.junit.runners.model.FrameworkMethod.invokeExplosively(FrameworkMethod.java:47)
	at org.junit.internal.runners.statements.InvokeMethod.evaluate(InvokeMethod.java:17)
	at org.junit.internal.runners.statements.RunBefores.evaluate(RunBefores.java:26)
	at org.junit.internal.runners.statements.RunAfters.evaluate(RunAfters.java:27)
	at org.junit.runners.ParentRunner.runLeaf(ParentRunner.java:325)
	at org.junit.runners.BlockJUnit4ClassRunner.runChild(BlockJUnit4ClassRunner.java:78)
	at org.junit.runners.BlockJUnit4ClassRunner.runChild(BlockJUnit4ClassRunner.java:57)
	at org.junit.runners.ParentRunner$3.run(ParentRunner.java:290)
	at org.junit.runners.ParentRunner$1.schedule(ParentRunner.java:71)
	at org.junit.runners.ParentRunner.runChildren(ParentRunner.java:288)
	at org.junit.runners.ParentRunner.access$000(ParentRunner.java:58)
	at org.junit.runners.ParentRunner$2.evaluate(ParentRunner.java:268)
	at org.junit.internal.runners.statements.RunBefores.evaluate(RunBefores.java:26)
	at org.junit.internal.runners.statements.RunAfters.evaluate(RunAfters.java:27)
	at org.junit.runners.ParentRunner.run(ParentRunner.java:363)
	at org.apache.maven.surefire.junit4.JUnit4Provider.execute(JUnit4Provider.java:252)
	at org.apache.maven.surefire.junit4.JUnit4Provider.executeTestSet(JUnit4Provider.java:141)
	at org.apache.maven.surefire.junit4.JUnit4Provider.invoke(JUnit4Provider.java:112)
	at java.base/jdk.internal.reflect.NativeMethodAccessorImpl.invoke0(Native Method)
	at java.base/jdk.internal.reflect.NativeMethodAccessorImpl.invoke(NativeMethodAccessorImpl.java:64)
	at java.base/jdk.internal.reflect.DelegatingMethodAccessorImpl.invoke(DelegatingMethodAccessorImpl.java:43)
	at java.base/java.lang.reflect.Method.invoke(Method.java:564)
	at org.apache.maven.surefire.util.ReflectionUtils.invokeMethodWithArray(ReflectionUtils.java:189)
	at org.apache.maven.surefire.booter.ProviderFactory$ProviderProxy.invoke(ProviderFactory.java:165)
	at org.apache.maven.surefire.booter.ProviderFactory.invokeProvider(ProviderFactory.java:85)
	at org.apache.maven.surefire.booter.ForkedBooter.runSuitesInProcess(ForkedBooter.java:115)
	at org.apache.maven.surefire.booter.ForkedBooter.main(ForkedBooter.java:75)

testSetCellContent_Formula_Numbers_CellRefs_Func_NumCellRefsRangesFunctionsArgs_2(edu.upc.etsetb.arqsoft.spreadsheet.entities.impl.SpreadsheetTest)  Time elapsed: 0.001 sec  <<< ERROR!
java.lang.NullPointerException: Cannot invoke "edu.upc.etsetb.arqsoft.spreadsheet.entities.factories.SpreadsheetFactory.createToken(edu.upc.etsetb.arqsoft.spreadsheet.usecases.postfix.TokenType, String)" because "this.c" is null
	at edu.upc.etsetb.arqsoft.spreadsheet.usecases.postfix.impl.TokenizerImpl.f(Unknown Source)
	at edu.upc.etsetb.arqsoft.spreadsheet.usecases.postfix.impl.TokenizerImpl.b(Unknown Source)
	at edu.upc.etsetb.arqsoft.spreadsheet.usecases.postfix.impl.TokenizerImpl.tokenize(Unknown Source)
	at edu.upc.etsetb.arqsoft.spreadsheet.entities.SpreadsheetHashMapImpl.classifyContent(SpreadsheetHashMapImpl.java:76)
	at edu.upc.etsetb.arqsoft.spreadsheet.entities.SpreadsheetHashMapImpl.setCellContent(SpreadsheetHashMapImpl.java:54)
	at edu.upc.etsetb.arqsoft.spreadsheet.entities.impl.SpreadsheetTest.testSetCellContent_Formula_Numbers_CellRefs_Func_NumCellRefsRangesFunctionsArgs_2(SpreadsheetTest.java:206)
	at java.base/jdk.internal.reflect.NativeMethodAccessorImpl.invoke0(Native Method)
	at java.base/jdk.internal.reflect.NativeMethodAccessorImpl.invoke(NativeMethodAccessorImpl.java:64)
	at java.base/jdk.internal.reflect.DelegatingMethodAccessorImpl.invoke(DelegatingMethodAccessorImpl.java:43)
	at java.base/java.lang.reflect.Method.invoke(Method.java:564)
	at org.junit.runners.model.FrameworkMethod$1.runReflectiveCall(FrameworkMethod.java:50)
	at org.junit.internal.runners.model.ReflectiveCallable.run(ReflectiveCallable.java:12)
	at org.junit.runners.model.FrameworkMethod.invokeExplosively(FrameworkMethod.java:47)
	at org.junit.internal.runners.statements.InvokeMethod.evaluate(InvokeMethod.java:17)
	at org.junit.internal.runners.statements.RunBefores.evaluate(RunBefores.java:26)
	at org.junit.internal.runners.statements.RunAfters.evaluate(RunAfters.java:27)
	at org.junit.runners.ParentRunner.runLeaf(ParentRunner.java:325)
	at org.junit.runners.BlockJUnit4ClassRunner.runChild(BlockJUnit4ClassRunner.java:78)
	at org.junit.runners.BlockJUnit4ClassRunner.runChild(BlockJUnit4ClassRunner.java:57)
	at org.junit.runners.ParentRunner$3.run(ParentRunner.java:290)
	at org.junit.runners.ParentRunner$1.schedule(ParentRunner.java:71)
	at org.junit.runners.ParentRunner.runChildren(ParentRunner.java:288)
	at org.junit.runners.ParentRunner.access$000(ParentRunner.java:58)
	at org.junit.runners.ParentRunner$2.evaluate(ParentRunner.java:268)
	at org.junit.internal.runners.statements.RunBefores.evaluate(RunBefores.java:26)
	at org.junit.internal.runners.statements.RunAfters.evaluate(RunAfters.java:27)
	at org.junit.runners.ParentRunner.run(ParentRunner.java:363)
	at org.apache.maven.surefire.junit4.JUnit4Provider.execute(JUnit4Provider.java:252)
	at org.apache.maven.surefire.junit4.JUnit4Provider.executeTestSet(JUnit4Provider.java:141)
	at org.apache.maven.surefire.junit4.JUnit4Provider.invoke(JUnit4Provider.java:112)
	at java.base/jdk.internal.reflect.NativeMethodAccessorImpl.invoke0(Native Method)
	at java.base/jdk.internal.reflect.NativeMethodAccessorImpl.invoke(NativeMethodAccessorImpl.java:64)
	at java.base/jdk.internal.reflect.DelegatingMethodAccessorImpl.invoke(DelegatingMethodAccessorImpl.java:43)
	at java.base/java.lang.reflect.Method.invoke(Method.java:564)
	at org.apache.maven.surefire.util.ReflectionUtils.invokeMethodWithArray(ReflectionUtils.java:189)
	at org.apache.maven.surefire.booter.ProviderFactory$ProviderProxy.invoke(ProviderFactory.java:165)
	at org.apache.maven.surefire.booter.ProviderFactory.invokeProvider(ProviderFactory.java:85)
	at org.apache.maven.surefire.booter.ForkedBooter.runSuitesInProcess(ForkedBooter.java:115)
	at org.apache.maven.surefire.booter.ForkedBooter.main(ForkedBooter.java:75)

testSetCellContent_Formula_Numbers_CellRefs_Func_NumCellRefsRangesFunctionsArgs_3(edu.upc.etsetb.arqsoft.spreadsheet.entities.impl.SpreadsheetTest)  Time elapsed: 0.018 sec  <<< ERROR!
java.lang.NullPointerException: Cannot invoke "edu.upc.etsetb.arqsoft.spreadsheet.entities.factories.SpreadsheetFactory.createToken(edu.upc.etsetb.arqsoft.spreadsheet.usecases.postfix.TokenType, String)" because "this.c" is null
	at edu.upc.etsetb.arqsoft.spreadsheet.usecases.postfix.impl.TokenizerImpl.f(Unknown Source)
	at edu.upc.etsetb.arqsoft.spreadsheet.usecases.postfix.impl.TokenizerImpl.b(Unknown Source)
	at edu.upc.etsetb.arqsoft.spreadsheet.usecases.postfix.impl.TokenizerImpl.tokenize(Unknown Source)
	at edu.upc.etsetb.arqsoft.spreadsheet.entities.SpreadsheetHashMapImpl.classifyContent(SpreadsheetHashMapImpl.java:76)
	at edu.upc.etsetb.arqsoft.spreadsheet.entities.SpreadsheetHashMapImpl.setCellContent(SpreadsheetHashMapImpl.java:54)
	at edu.upc.etsetb.arqsoft.spreadsheet.entities.impl.SpreadsheetTest.testSetCellContent_Formula_Numbers_CellRefs_Func_NumCellRefsRangesFunctionsArgs_3(SpreadsheetTest.java:218)
	at java.base/jdk.internal.reflect.NativeMethodAccessorImpl.invoke0(Native Method)
	at java.base/jdk.internal.reflect.NativeMethodAccessorImpl.invoke(NativeMethodAccessorImpl.java:64)
	at java.base/jdk.internal.reflect.DelegatingMethodAccessorImpl.invoke(DelegatingMethodAccessorImpl.java:43)
	at java.base/java.lang.reflect.Method.invoke(Method.java:564)
	at org.junit.runners.model.FrameworkMethod$1.runReflectiveCall(FrameworkMethod.java:50)
	at org.junit.internal.runners.model.ReflectiveCallable.run(ReflectiveCallable.java:12)
	at org.junit.runners.model.FrameworkMethod.invokeExplosively(FrameworkMethod.java:47)
	at org.junit.internal.runners.statements.InvokeMethod.evaluate(InvokeMethod.java:17)
	at org.junit.internal.runners.statements.RunBefores.evaluate(RunBefores.java:26)
	at org.junit.internal.runners.statements.RunAfters.evaluate(RunAfters.java:27)
	at org.junit.runners.ParentRunner.runLeaf(ParentRunner.java:325)
	at org.junit.runners.BlockJUnit4ClassRunner.runChild(BlockJUnit4ClassRunner.java:78)
	at org.junit.runners.BlockJUnit4ClassRunner.runChild(BlockJUnit4ClassRunner.java:57)
	at org.junit.runners.ParentRunner$3.run(ParentRunner.java:290)
	at org.junit.runners.ParentRunner$1.schedule(ParentRunner.java:71)
	at org.junit.runners.ParentRunner.runChildren(ParentRunner.java:288)
	at org.junit.runners.ParentRunner.access$000(ParentRunner.java:58)
	at org.junit.runners.ParentRunner$2.evaluate(ParentRunner.java:268)
	at org.junit.internal.runners.statements.RunBefores.evaluate(RunBefores.java:26)
	at org.junit.internal.runners.statements.RunAfters.evaluate(RunAfters.java:27)
	at org.junit.runners.ParentRunner.run(ParentRunner.java:363)
	at org.apache.maven.surefire.junit4.JUnit4Provider.execute(JUnit4Provider.java:252)
	at org.apache.maven.surefire.junit4.JUnit4Provider.executeTestSet(JUnit4Provider.java:141)
	at org.apache.maven.surefire.junit4.JUnit4Provider.invoke(JUnit4Provider.java:112)
	at java.base/jdk.internal.reflect.NativeMethodAccessorImpl.invoke0(Native Method)
	at java.base/jdk.internal.reflect.NativeMethodAccessorImpl.invoke(NativeMethodAccessorImpl.java:64)
	at java.base/jdk.internal.reflect.DelegatingMethodAccessorImpl.invoke(DelegatingMethodAccessorImpl.java:43)
	at java.base/java.lang.reflect.Method.invoke(Method.java:564)
	at org.apache.maven.surefire.util.ReflectionUtils.invokeMethodWithArray(ReflectionUtils.java:189)
	at org.apache.maven.surefire.booter.ProviderFactory$ProviderProxy.invoke(ProviderFactory.java:165)
	at org.apache.maven.surefire.booter.ProviderFactory.invokeProvider(ProviderFactory.java:85)
	at org.apache.maven.surefire.booter.ForkedBooter.runSuitesInProcess(ForkedBooter.java:115)
	at org.apache.maven.surefire.booter.ForkedBooter.main(ForkedBooter.java:75)

testSetCellContent_Formula_Numbers_CellRefs_Func_NumCellRefsRangesFunctionsArgs_4(edu.upc.etsetb.arqsoft.spreadsheet.entities.impl.SpreadsheetTest)  Time elapsed: 0.003 sec  <<< ERROR!
java.lang.NullPointerException: Cannot invoke "edu.upc.etsetb.arqsoft.spreadsheet.entities.factories.SpreadsheetFactory.createToken(edu.upc.etsetb.arqsoft.spreadsheet.usecases.postfix.TokenType, String)" because "this.c" is null
	at edu.upc.etsetb.arqsoft.spreadsheet.usecases.postfix.impl.TokenizerImpl.f(Unknown Source)
	at edu.upc.etsetb.arqsoft.spreadsheet.usecases.postfix.impl.TokenizerImpl.b(Unknown Source)
	at edu.upc.etsetb.arqsoft.spreadsheet.usecases.postfix.impl.TokenizerImpl.tokenize(Unknown Source)
	at edu.upc.etsetb.arqsoft.spreadsheet.entities.SpreadsheetHashMapImpl.classifyContent(SpreadsheetHashMapImpl.java:76)
	at edu.upc.etsetb.arqsoft.spreadsheet.entities.SpreadsheetHashMapImpl.setCellContent(SpreadsheetHashMapImpl.java:54)
	at edu.upc.etsetb.arqsoft.spreadsheet.entities.impl.SpreadsheetTest.testSetCellContent_Formula_Numbers_CellRefs_Func_NumCellRefsRangesFunctionsArgs_4(SpreadsheetTest.java:229)
	at java.base/jdk.internal.reflect.NativeMethodAccessorImpl.invoke0(Native Method)
	at java.base/jdk.internal.reflect.NativeMethodAccessorImpl.invoke(NativeMethodAccessorImpl.java:64)
	at java.base/jdk.internal.reflect.DelegatingMethodAccessorImpl.invoke(DelegatingMethodAccessorImpl.java:43)
	at java.base/java.lang.reflect.Method.invoke(Method.java:564)
	at org.junit.runners.model.FrameworkMethod$1.runReflectiveCall(FrameworkMethod.java:50)
	at org.junit.internal.runners.model.ReflectiveCallable.run(ReflectiveCallable.java:12)
	at org.junit.runners.model.FrameworkMethod.invokeExplosively(FrameworkMethod.java:47)
	at org.junit.internal.runners.statements.InvokeMethod.evaluate(InvokeMethod.java:17)
	at org.junit.internal.runners.statements.RunBefores.evaluate(RunBefores.java:26)
	at org.junit.internal.runners.statements.RunAfters.evaluate(RunAfters.java:27)
	at org.junit.runners.ParentRunner.runLeaf(ParentRunner.java:325)
	at org.junit.runners.BlockJUnit4ClassRunner.runChild(BlockJUnit4ClassRunner.java:78)
	at org.junit.runners.BlockJUnit4ClassRunner.runChild(BlockJUnit4ClassRunner.java:57)
	at org.junit.runners.ParentRunner$3.run(ParentRunner.java:290)
	at org.junit.runners.ParentRunner$1.schedule(ParentRunner.java:71)
	at org.junit.runners.ParentRunner.runChildren(ParentRunner.java:288)
	at org.junit.runners.ParentRunner.access$000(ParentRunner.java:58)
	at org.junit.runners.ParentRunner$2.evaluate(ParentRunner.java:268)
	at org.junit.internal.runners.statements.RunBefores.evaluate(RunBefores.java:26)
	at org.junit.internal.runners.statements.RunAfters.evaluate(RunAfters.java:27)
	at org.junit.runners.ParentRunner.run(ParentRunner.java:363)
	at org.apache.maven.surefire.junit4.JUnit4Provider.execute(JUnit4Provider.java:252)
	at org.apache.maven.surefire.junit4.JUnit4Provider.executeTestSet(JUnit4Provider.java:141)
	at org.apache.maven.surefire.junit4.JUnit4Provider.invoke(JUnit4Provider.java:112)
	at java.base/jdk.internal.reflect.NativeMethodAccessorImpl.invoke0(Native Method)
	at java.base/jdk.internal.reflect.NativeMethodAccessorImpl.invoke(NativeMethodAccessorImpl.java:64)
	at java.base/jdk.internal.reflect.DelegatingMethodAccessorImpl.invoke(DelegatingMethodAccessorImpl.java:43)
	at java.base/java.lang.reflect.Method.invoke(Method.java:564)
	at org.apache.maven.surefire.util.ReflectionUtils.invokeMethodWithArray(ReflectionUtils.java:189)
	at org.apache.maven.surefire.booter.ProviderFactory$ProviderProxy.invoke(ProviderFactory.java:165)
	at org.apache.maven.surefire.booter.ProviderFactory.invokeProvider(ProviderFactory.java:85)
	at org.apache.maven.surefire.booter.ForkedBooter.runSuitesInProcess(ForkedBooter.java:115)
	at org.apache.maven.surefire.booter.ForkedBooter.main(ForkedBooter.java:75)

testSetCellContent_Formula_Numbers_1LevelRBs(edu.upc.etsetb.arqsoft.spreadsheet.entities.impl.SpreadsheetTest)  Time elapsed: 0.003 sec  <<< ERROR!
java.lang.NullPointerException: Cannot invoke "edu.upc.etsetb.arqsoft.spreadsheet.entities.factories.SpreadsheetFactory.createToken(edu.upc.etsetb.arqsoft.spreadsheet.usecases.postfix.TokenType, String)" because "this.c" is null
	at edu.upc.etsetb.arqsoft.spreadsheet.usecases.postfix.impl.TokenizerImpl.d(Unknown Source)
	at edu.upc.etsetb.arqsoft.spreadsheet.usecases.postfix.impl.TokenizerImpl.b(Unknown Source)
	at edu.upc.etsetb.arqsoft.spreadsheet.usecases.postfix.impl.TokenizerImpl.tokenize(Unknown Source)
	at edu.upc.etsetb.arqsoft.spreadsheet.entities.SpreadsheetHashMapImpl.classifyContent(SpreadsheetHashMapImpl.java:76)
	at edu.upc.etsetb.arqsoft.spreadsheet.entities.SpreadsheetHashMapImpl.setCellContent(SpreadsheetHashMapImpl.java:54)
	at edu.upc.etsetb.arqsoft.spreadsheet.entities.impl.SpreadsheetTest.testSetCellContent_Formula_Numbers_1LevelRBs(SpreadsheetTest.java:120)
	at java.base/jdk.internal.reflect.NativeMethodAccessorImpl.invoke0(Native Method)
	at java.base/jdk.internal.reflect.NativeMethodAccessorImpl.invoke(NativeMethodAccessorImpl.java:64)
	at java.base/jdk.internal.reflect.DelegatingMethodAccessorImpl.invoke(DelegatingMethodAccessorImpl.java:43)
	at java.base/java.lang.reflect.Method.invoke(Method.java:564)
	at org.junit.runners.model.FrameworkMethod$1.runReflectiveCall(FrameworkMethod.java:50)
	at org.junit.internal.runners.model.ReflectiveCallable.run(ReflectiveCallable.java:12)
	at org.junit.runners.model.FrameworkMethod.invokeExplosively(FrameworkMethod.java:47)
	at org.junit.internal.runners.statements.InvokeMethod.evaluate(InvokeMethod.java:17)
	at org.junit.internal.runners.statements.RunBefores.evaluate(RunBefores.java:26)
	at org.junit.internal.runners.statements.RunAfters.evaluate(RunAfters.java:27)
	at org.junit.runners.ParentRunner.runLeaf(ParentRunner.java:325)
	at org.junit.runners.BlockJUnit4ClassRunner.runChild(BlockJUnit4ClassRunner.java:78)
	at org.junit.runners.BlockJUnit4ClassRunner.runChild(BlockJUnit4ClassRunner.java:57)
	at org.junit.runners.ParentRunner$3.run(ParentRunner.java:290)
	at org.junit.runners.ParentRunner$1.schedule(ParentRunner.java:71)
	at org.junit.runners.ParentRunner.runChildren(ParentRunner.java:288)
	at org.junit.runners.ParentRunner.access$000(ParentRunner.java:58)
	at org.junit.runners.ParentRunner$2.evaluate(ParentRunner.java:268)
	at org.junit.internal.runners.statements.RunBefores.evaluate(RunBefores.java:26)
	at org.junit.internal.runners.statements.RunAfters.evaluate(RunAfters.java:27)
	at org.junit.runners.ParentRunner.run(ParentRunner.java:363)
	at org.apache.maven.surefire.junit4.JUnit4Provider.execute(JUnit4Provider.java:252)
	at org.apache.maven.surefire.junit4.JUnit4Provider.executeTestSet(JUnit4Provider.java:141)
	at org.apache.maven.surefire.junit4.JUnit4Provider.invoke(JUnit4Provider.java:112)
	at java.base/jdk.internal.reflect.NativeMethodAccessorImpl.invoke0(Native Method)
	at java.base/jdk.internal.reflect.NativeMethodAccessorImpl.invoke(NativeMethodAccessorImpl.java:64)
	at java.base/jdk.internal.reflect.DelegatingMethodAccessorImpl.invoke(DelegatingMethodAccessorImpl.java:43)
	at java.base/java.lang.reflect.Method.invoke(Method.java:564)
	at org.apache.maven.surefire.util.ReflectionUtils.invokeMethodWithArray(ReflectionUtils.java:189)
	at org.apache.maven.surefire.booter.ProviderFactory$ProviderProxy.invoke(ProviderFactory.java:165)
	at org.apache.maven.surefire.booter.ProviderFactory.invokeProvider(ProviderFactory.java:85)
	at org.apache.maven.surefire.booter.ForkedBooter.runSuitesInProcess(ForkedBooter.java:115)
	at org.apache.maven.surefire.booter.ForkedBooter.main(ForkedBooter.java:75)

testSetCellContent_Formula_Numbers_CellRefs_Func_NumArgs(edu.upc.etsetb.arqsoft.spreadsheet.entities.impl.SpreadsheetTest)  Time elapsed: 0.004 sec  <<< ERROR!
java.lang.NullPointerException: Cannot invoke "edu.upc.etsetb.arqsoft.spreadsheet.entities.factories.SpreadsheetFactory.createToken(edu.upc.etsetb.arqsoft.spreadsheet.usecases.postfix.TokenType, String)" because "this.c" is null
	at edu.upc.etsetb.arqsoft.spreadsheet.usecases.postfix.impl.TokenizerImpl.f(Unknown Source)
	at edu.upc.etsetb.arqsoft.spreadsheet.usecases.postfix.impl.TokenizerImpl.b(Unknown Source)
	at edu.upc.etsetb.arqsoft.spreadsheet.usecases.postfix.impl.TokenizerImpl.tokenize(Unknown Source)
	at edu.upc.etsetb.arqsoft.spreadsheet.entities.SpreadsheetHashMapImpl.classifyContent(SpreadsheetHashMapImpl.java:76)
	at edu.upc.etsetb.arqsoft.spreadsheet.entities.SpreadsheetHashMapImpl.setCellContent(SpreadsheetHashMapImpl.java:54)
	at edu.upc.etsetb.arqsoft.spreadsheet.entities.impl.SpreadsheetTest.testSetCellContent_Formula_Numbers_CellRefs_Func_NumArgs(SpreadsheetTest.java:165)
	at java.base/jdk.internal.reflect.NativeMethodAccessorImpl.invoke0(Native Method)
	at java.base/jdk.internal.reflect.NativeMethodAccessorImpl.invoke(NativeMethodAccessorImpl.java:64)
	at java.base/jdk.internal.reflect.DelegatingMethodAccessorImpl.invoke(DelegatingMethodAccessorImpl.java:43)
	at java.base/java.lang.reflect.Method.invoke(Method.java:564)
	at org.junit.runners.model.FrameworkMethod$1.runReflectiveCall(FrameworkMethod.java:50)
	at org.junit.internal.runners.model.ReflectiveCallable.run(ReflectiveCallable.java:12)
	at org.junit.runners.model.FrameworkMethod.invokeExplosively(FrameworkMethod.java:47)
	at org.junit.internal.runners.statements.InvokeMethod.evaluate(InvokeMethod.java:17)
	at org.junit.internal.runners.statements.RunBefores.evaluate(RunBefores.java:26)
	at org.junit.internal.runners.statements.RunAfters.evaluate(RunAfters.java:27)
	at org.junit.runners.ParentRunner.runLeaf(ParentRunner.java:325)
	at org.junit.runners.BlockJUnit4ClassRunner.runChild(BlockJUnit4ClassRunner.java:78)
	at org.junit.runners.BlockJUnit4ClassRunner.runChild(BlockJUnit4ClassRunner.java:57)
	at org.junit.runners.ParentRunner$3.run(ParentRunner.java:290)
	at org.junit.runners.ParentRunner$1.schedule(ParentRunner.java:71)
	at org.junit.runners.ParentRunner.runChildren(ParentRunner.java:288)
	at org.junit.runners.ParentRunner.access$000(ParentRunner.java:58)
	at org.junit.runners.ParentRunner$2.evaluate(ParentRunner.java:268)
	at org.junit.internal.runners.statements.RunBefores.evaluate(RunBefores.java:26)
	at org.junit.internal.runners.statements.RunAfters.evaluate(RunAfters.java:27)
	at org.junit.runners.ParentRunner.run(ParentRunner.java:363)
	at org.apache.maven.surefire.junit4.JUnit4Provider.execute(JUnit4Provider.java:252)
	at org.apache.maven.surefire.junit4.JUnit4Provider.executeTestSet(JUnit4Provider.java:141)
	at org.apache.maven.surefire.junit4.JUnit4Provider.invoke(JUnit4Provider.java:112)
	at java.base/jdk.internal.reflect.NativeMethodAccessorImpl.invoke0(Native Method)
	at java.base/jdk.internal.reflect.NativeMethodAccessorImpl.invoke(NativeMethodAccessorImpl.java:64)
	at java.base/jdk.internal.reflect.DelegatingMethodAccessorImpl.invoke(DelegatingMethodAccessorImpl.java:43)
	at java.base/java.lang.reflect.Method.invoke(Method.java:564)
	at org.apache.maven.surefire.util.ReflectionUtils.invokeMethodWithArray(ReflectionUtils.java:189)
	at org.apache.maven.surefire.booter.ProviderFactory$ProviderProxy.invoke(ProviderFactory.java:165)
	at org.apache.maven.surefire.booter.ProviderFactory.invokeProvider(ProviderFactory.java:85)
	at org.apache.maven.surefire.booter.ForkedBooter.runSuitesInProcess(ForkedBooter.java:115)
	at org.apache.maven.surefire.booter.ForkedBooter.main(ForkedBooter.java:75)

testSetCellContent_Formula_Numbers_CellRefs_2Level2RBs(edu.upc.etsetb.arqsoft.spreadsheet.entities.impl.SpreadsheetTest)  Time elapsed: 0.001 sec  <<< ERROR!
java.lang.NullPointerException: Cannot invoke "edu.upc.etsetb.arqsoft.spreadsheet.entities.factories.SpreadsheetFactory.createToken(edu.upc.etsetb.arqsoft.spreadsheet.usecases.postfix.TokenType, String)" because "this.c" is null
	at edu.upc.etsetb.arqsoft.spreadsheet.usecases.postfix.impl.TokenizerImpl.d(Unknown Source)
	at edu.upc.etsetb.arqsoft.spreadsheet.usecases.postfix.impl.TokenizerImpl.b(Unknown Source)
	at edu.upc.etsetb.arqsoft.spreadsheet.usecases.postfix.impl.TokenizerImpl.tokenize(Unknown Source)
	at edu.upc.etsetb.arqsoft.spreadsheet.entities.SpreadsheetHashMapImpl.classifyContent(SpreadsheetHashMapImpl.java:76)
	at edu.upc.etsetb.arqsoft.spreadsheet.entities.SpreadsheetHashMapImpl.setCellContent(SpreadsheetHashMapImpl.java:54)
	at edu.upc.etsetb.arqsoft.spreadsheet.entities.impl.SpreadsheetTest.testSetCellContent_Formula_Numbers_CellRefs_2Level2RBs(SpreadsheetTest.java:156)
	at java.base/jdk.internal.reflect.NativeMethodAccessorImpl.invoke0(Native Method)
	at java.base/jdk.internal.reflect.NativeMethodAccessorImpl.invoke(NativeMethodAccessorImpl.java:64)
	at java.base/jdk.internal.reflect.DelegatingMethodAccessorImpl.invoke(DelegatingMethodAccessorImpl.java:43)
	at java.base/java.lang.reflect.Method.invoke(Method.java:564)
	at org.junit.runners.model.FrameworkMethod$1.runReflectiveCall(FrameworkMethod.java:50)
	at org.junit.internal.runners.model.ReflectiveCallable.run(ReflectiveCallable.java:12)
	at org.junit.runners.model.FrameworkMethod.invokeExplosively(FrameworkMethod.java:47)
	at org.junit.internal.runners.statements.InvokeMethod.evaluate(InvokeMethod.java:17)
	at org.junit.internal.runners.statements.RunBefores.evaluate(RunBefores.java:26)
	at org.junit.internal.runners.statements.RunAfters.evaluate(RunAfters.java:27)
	at org.junit.runners.ParentRunner.runLeaf(ParentRunner.java:325)
	at org.junit.runners.BlockJUnit4ClassRunner.runChild(BlockJUnit4ClassRunner.java:78)
	at org.junit.runners.BlockJUnit4ClassRunner.runChild(BlockJUnit4ClassRunner.java:57)
	at org.junit.runners.ParentRunner$3.run(ParentRunner.java:290)
	at org.junit.runners.ParentRunner$1.schedule(ParentRunner.java:71)
	at org.junit.runners.ParentRunner.runChildren(ParentRunner.java:288)
	at org.junit.runners.ParentRunner.access$000(ParentRunner.java:58)
	at org.junit.runners.ParentRunner$2.evaluate(ParentRunner.java:268)
	at org.junit.internal.runners.statements.RunBefores.evaluate(RunBefores.java:26)
	at org.junit.internal.runners.statements.RunAfters.evaluate(RunAfters.java:27)
	at org.junit.runners.ParentRunner.run(ParentRunner.java:363)
	at org.apache.maven.surefire.junit4.JUnit4Provider.execute(JUnit4Provider.java:252)
	at org.apache.maven.surefire.junit4.JUnit4Provider.executeTestSet(JUnit4Provider.java:141)
	at org.apache.maven.surefire.junit4.JUnit4Provider.invoke(JUnit4Provider.java:112)
	at java.base/jdk.internal.reflect.NativeMethodAccessorImpl.invoke0(Native Method)
	at java.base/jdk.internal.reflect.NativeMethodAccessorImpl.invoke(NativeMethodAccessorImpl.java:64)
	at java.base/jdk.internal.reflect.DelegatingMethodAccessorImpl.invoke(DelegatingMethodAccessorImpl.java:43)
	at java.base/java.lang.reflect.Method.invoke(Method.java:564)
	at org.apache.maven.surefire.util.ReflectionUtils.invokeMethodWithArray(ReflectionUtils.java:189)
	at org.apache.maven.surefire.booter.ProviderFactory$ProviderProxy.invoke(ProviderFactory.java:165)
	at org.apache.maven.surefire.booter.ProviderFactory.invokeProvider(ProviderFactory.java:85)
	at org.apache.maven.surefire.booter.ForkedBooter.runSuitesInProcess(ForkedBooter.java:115)
	at org.apache.maven.surefire.booter.ForkedBooter.main(ForkedBooter.java:75)

testSetCellContent_Formula_Numbers(edu.upc.etsetb.arqsoft.spreadsheet.entities.impl.SpreadsheetTest)  Time elapsed: 0.003 sec  <<< ERROR!
java.lang.NullPointerException: Cannot invoke "edu.upc.etsetb.arqsoft.spreadsheet.entities.factories.SpreadsheetFactory.createToken(edu.upc.etsetb.arqsoft.spreadsheet.usecases.postfix.TokenType, String)" because "this.c" is null
	at edu.upc.etsetb.arqsoft.spreadsheet.usecases.postfix.impl.TokenizerImpl.d(Unknown Source)
	at edu.upc.etsetb.arqsoft.spreadsheet.usecases.postfix.impl.TokenizerImpl.b(Unknown Source)
	at edu.upc.etsetb.arqsoft.spreadsheet.usecases.postfix.impl.TokenizerImpl.tokenize(Unknown Source)
	at edu.upc.etsetb.arqsoft.spreadsheet.entities.SpreadsheetHashMapImpl.classifyContent(SpreadsheetHashMapImpl.java:76)
	at edu.upc.etsetb.arqsoft.spreadsheet.entities.SpreadsheetHashMapImpl.setCellContent(SpreadsheetHashMapImpl.java:54)
	at edu.upc.etsetb.arqsoft.spreadsheet.entities.impl.SpreadsheetTest.testSetCellContent_Formula_Numbers(SpreadsheetTest.java:111)
	at java.base/jdk.internal.reflect.NativeMethodAccessorImpl.invoke0(Native Method)
	at java.base/jdk.internal.reflect.NativeMethodAccessorImpl.invoke(NativeMethodAccessorImpl.java:64)
	at java.base/jdk.internal.reflect.DelegatingMethodAccessorImpl.invoke(DelegatingMethodAccessorImpl.java:43)
	at java.base/java.lang.reflect.Method.invoke(Method.java:564)
	at org.junit.runners.model.FrameworkMethod$1.runReflectiveCall(FrameworkMethod.java:50)
	at org.junit.internal.runners.model.ReflectiveCallable.run(ReflectiveCallable.java:12)
	at org.junit.runners.model.FrameworkMethod.invokeExplosively(FrameworkMethod.java:47)
	at org.junit.internal.runners.statements.InvokeMethod.evaluate(InvokeMethod.java:17)
	at org.junit.internal.runners.statements.RunBefores.evaluate(RunBefores.java:26)
	at org.junit.internal.runners.statements.RunAfters.evaluate(RunAfters.java:27)
	at org.junit.runners.ParentRunner.runLeaf(ParentRunner.java:325)
	at org.junit.runners.BlockJUnit4ClassRunner.runChild(BlockJUnit4ClassRunner.java:78)
	at org.junit.runners.BlockJUnit4ClassRunner.runChild(BlockJUnit4ClassRunner.java:57)
	at org.junit.runners.ParentRunner$3.run(ParentRunner.java:290)
	at org.junit.runners.ParentRunner$1.schedule(ParentRunner.java:71)
	at org.junit.runners.ParentRunner.runChildren(ParentRunner.java:288)
	at org.junit.runners.ParentRunner.access$000(ParentRunner.java:58)
	at org.junit.runners.ParentRunner$2.evaluate(ParentRunner.java:268)
	at org.junit.internal.runners.statements.RunBefores.evaluate(RunBefores.java:26)
	at org.junit.internal.runners.statements.RunAfters.evaluate(RunAfters.java:27)
	at org.junit.runners.ParentRunner.run(ParentRunner.java:363)
	at org.apache.maven.surefire.junit4.JUnit4Provider.execute(JUnit4Provider.java:252)
	at org.apache.maven.surefire.junit4.JUnit4Provider.executeTestSet(JUnit4Provider.java:141)
	at org.apache.maven.surefire.junit4.JUnit4Provider.invoke(JUnit4Provider.java:112)
	at java.base/jdk.internal.reflect.NativeMethodAccessorImpl.invoke0(Native Method)
	at java.base/jdk.internal.reflect.NativeMethodAccessorImpl.invoke(NativeMethodAccessorImpl.java:64)
	at java.base/jdk.internal.reflect.DelegatingMethodAccessorImpl.invoke(DelegatingMethodAccessorImpl.java:43)
	at java.base/java.lang.reflect.Method.invoke(Method.java:564)
	at org.apache.maven.surefire.util.ReflectionUtils.invokeMethodWithArray(ReflectionUtils.java:189)
	at org.apache.maven.surefire.booter.ProviderFactory$ProviderProxy.invoke(ProviderFactory.java:165)
	at org.apache.maven.surefire.booter.ProviderFactory.invokeProvider(ProviderFactory.java:85)
	at org.apache.maven.surefire.booter.ForkedBooter.runSuitesInProcess(ForkedBooter.java:115)
	at org.apache.maven.surefire.booter.ForkedBooter.main(ForkedBooter.java:75)

testSetCellContent_Formula_Numbers_CellRefs_Func_NumCellRefsRangesArgs(edu.upc.etsetb.arqsoft.spreadsheet.entities.impl.SpreadsheetTest)  Time elapsed: 0.003 sec  <<< ERROR!
java.lang.NullPointerException: Cannot invoke "edu.upc.etsetb.arqsoft.spreadsheet.entities.factories.SpreadsheetFactory.createToken(edu.upc.etsetb.arqsoft.spreadsheet.usecases.postfix.TokenType, String)" because "this.c" is null
	at edu.upc.etsetb.arqsoft.spreadsheet.usecases.postfix.impl.TokenizerImpl.f(Unknown Source)
	at edu.upc.etsetb.arqsoft.spreadsheet.usecases.postfix.impl.TokenizerImpl.b(Unknown Source)
	at edu.upc.etsetb.arqsoft.spreadsheet.usecases.postfix.impl.TokenizerImpl.tokenize(Unknown Source)
	at edu.upc.etsetb.arqsoft.spreadsheet.entities.SpreadsheetHashMapImpl.classifyContent(SpreadsheetHashMapImpl.java:76)
	at edu.upc.etsetb.arqsoft.spreadsheet.entities.SpreadsheetHashMapImpl.setCellContent(SpreadsheetHashMapImpl.java:54)
	at edu.upc.etsetb.arqsoft.spreadsheet.entities.impl.SpreadsheetTest.testSetCellContent_Formula_Numbers_CellRefs_Func_NumCellRefsRangesArgs(SpreadsheetTest.java:185)
	at java.base/jdk.internal.reflect.NativeMethodAccessorImpl.invoke0(Native Method)
	at java.base/jdk.internal.reflect.NativeMethodAccessorImpl.invoke(NativeMethodAccessorImpl.java:64)
	at java.base/jdk.internal.reflect.DelegatingMethodAccessorImpl.invoke(DelegatingMethodAccessorImpl.java:43)
	at java.base/java.lang.reflect.Method.invoke(Method.java:564)
	at org.junit.runners.model.FrameworkMethod$1.runReflectiveCall(FrameworkMethod.java:50)
	at org.junit.internal.runners.model.ReflectiveCallable.run(ReflectiveCallable.java:12)
	at org.junit.runners.model.FrameworkMethod.invokeExplosively(FrameworkMethod.java:47)
	at org.junit.internal.runners.statements.InvokeMethod.evaluate(InvokeMethod.java:17)
	at org.junit.internal.runners.statements.RunBefores.evaluate(RunBefores.java:26)
	at org.junit.internal.runners.statements.RunAfters.evaluate(RunAfters.java:27)
	at org.junit.runners.ParentRunner.runLeaf(ParentRunner.java:325)
	at org.junit.runners.BlockJUnit4ClassRunner.runChild(BlockJUnit4ClassRunner.java:78)
	at org.junit.runners.BlockJUnit4ClassRunner.runChild(BlockJUnit4ClassRunner.java:57)
	at org.junit.runners.ParentRunner$3.run(ParentRunner.java:290)
	at org.junit.runners.ParentRunner$1.schedule(ParentRunner.java:71)
	at org.junit.runners.ParentRunner.runChildren(ParentRunner.java:288)
	at org.junit.runners.ParentRunner.access$000(ParentRunner.java:58)
	at org.junit.runners.ParentRunner$2.evaluate(ParentRunner.java:268)
	at org.junit.internal.runners.statements.RunBefores.evaluate(RunBefores.java:26)
	at org.junit.internal.runners.statements.RunAfters.evaluate(RunAfters.java:27)
	at org.junit.runners.ParentRunner.run(ParentRunner.java:363)
	at org.apache.maven.surefire.junit4.JUnit4Provider.execute(JUnit4Provider.java:252)
	at org.apache.maven.surefire.junit4.JUnit4Provider.executeTestSet(JUnit4Provider.java:141)
	at org.apache.maven.surefire.junit4.JUnit4Provider.invoke(JUnit4Provider.java:112)
	at java.base/jdk.internal.reflect.NativeMethodAccessorImpl.invoke0(Native Method)
	at java.base/jdk.internal.reflect.NativeMethodAccessorImpl.invoke(NativeMethodAccessorImpl.java:64)
	at java.base/jdk.internal.reflect.DelegatingMethodAccessorImpl.invoke(DelegatingMethodAccessorImpl.java:43)
	at java.base/java.lang.reflect.Method.invoke(Method.java:564)
	at org.apache.maven.surefire.util.ReflectionUtils.invokeMethodWithArray(ReflectionUtils.java:189)
	at org.apache.maven.surefire.booter.ProviderFactory$ProviderProxy.invoke(ProviderFactory.java:165)
	at org.apache.maven.surefire.booter.ProviderFactory.invokeProvider(ProviderFactory.java:85)
	at org.apache.maven.surefire.booter.ForkedBooter.runSuitesInProcess(ForkedBooter.java:115)
	at org.apache.maven.surefire.booter.ForkedBooter.main(ForkedBooter.java:75)

