<?xml version="1.0" encoding="UTF-8" ?>
<testsuite tests="15" failures="0" name="edu.upc.etsetb.arqsoft.spreadsheet.entities.impl.SpreadsheetTest" time="0.15" errors="0" skipped="0">
  <properties>
[...]
</properties>
  <testcase classname="edu.upc.etsetb.arqsoft.spreadsheet.entities.impl.SpreadsheetTest" name="testSetCellContent_Formula_Numbers_2Level2RBs" time="0.033"/>
  <testcase classname="edu.upc.etsetb.arqsoft.spreadsheet.entities.impl.SpreadsheetTest" name="testSetCellContent_Formula_Numbers_CellRefs_1LevelRBs" time="0.002"/>
  <testcase classname="edu.upc.etsetb.arqsoft.spreadsheet.entities.impl.SpreadsheetTest" name="testSetCellContent_Formula_Numbers_CellRefs_Func_NumCellRefsArgs" time="0.015"/>
  <testcase classname="edu.upc.etsetb.arqsoft.spreadsheet.entities.impl.SpreadsheetTest" name="testSetCellContent_Formula_Numbers_CellRefs" time="0.003"/>
  <testcase classname="edu.upc.etsetb.arqsoft.spreadsheet.entities.impl.SpreadsheetTest" name="testSetCellContent_Formula_Numbers_CellRefs_Func_NumCellRefsRangesFunctionsArgs_1" time="0.016"/>
  <testcase classname="edu.upc.etsetb.arqsoft.spreadsheet.entities.impl.SpreadsheetTest" name="testSetCellContent_Formula_Numbers_CellRefs_Func_NumCellRefsRangesFunctionsArgs_2" time="0.03"/>
  <testcase classname="edu.upc.etsetb.arqsoft.spreadsheet.entities.impl.SpreadsheetTest" name="testSetCellContent_Formula_Numbers_CellRefs_Func_NumCellRefsRangesFunctionsArgs_3" time="0.01"/>
  <testcase classname="edu.upc.etsetb.arqsoft.spreadsheet.entities.impl.SpreadsheetTest" name="testSetCellContent_Formula_Numbers_CellRefs_Func_NumCellRefsRangesFunctionsArgs_4" time="0.012"/>
  <testcase classname="edu.upc.etsetb.arqsoft.spreadsheet.entities.impl.SpreadsheetTest" name="testSetCellContent_Formula_Numbers_1LevelRBs" time="0.01"/>
  <testcase classname="edu.upc.etsetb.arqsoft.spreadsheet.entities.impl.SpreadsheetTest" name="testSetCellContent_TextContent" time="0.001"/>
  <testcase classname="edu.upc.etsetb.arqsoft.spreadsheet.entities.impl.SpreadsheetTest" name="testSetCellContent_Formula_Numbers_CellRefs_Func_NumArgs" time="0.001"/>
  <testcase classname="edu.upc.etsetb.arqsoft.spreadsheet.entities.impl.SpreadsheetTest" name="testSetCellContent_Formula_Numbers_CellRefs_2Level2RBs" time="0.002"/>
  <testcase classname="edu.upc.etsetb.arqsoft.spreadsheet.entities.impl.SpreadsheetTest" name="testSetCellContent_Formula_Numbers" time="0.003"/>
  <testcase classname="edu.upc.etsetb.arqsoft.spreadsheet.entities.impl.SpreadsheetTest" name="testSetCellContent_Formula_Numbers_CellRefs_Func_NumCellRefsRangesArgs" time="0.007"/>
  <testcase classname="edu.upc.etsetb.arqsoft.spreadsheet.entities.impl.SpreadsheetTest" name="testSetCellContent_NumContent" time="0.005"/>
</testsuite>