<?xml version="1.0" encoding="UTF-8" ?>
<testsuite tests="4" failures="2" name="edu.upc.etsetb.arqsoft.spreadsheet.entities.impl.SpreadsheetTest" time="0.121" errors="1" skipped="0">
  <properties>
[...]
</properties>
  <testcase classname="edu.upc.etsetb.arqsoft.spreadsheet.entities.impl.SpreadsheetTest" name="testSetCellContent_Formula_Numbers_CellRefs_Func_NumCellRefsRangesFunctionsArgs_1" time="0.059">
    <failure message="expected:&lt;96.0&gt; but was:&lt;97.0&gt;" type="junit.framework.AssertionFailedError">junit.framework.AssertionFailedError: expected:&lt;96.0&gt; but was:&lt;97.0&gt;
	at junit.framework.Assert.fail(Assert.java:57)
	at junit.framework.Assert.failNotEquals(Assert.java:329)
	at junit.framework.Assert.assertEquals(Assert.java:120)
	at junit.framework.Assert.assertEquals(Assert.java:129)
	at edu.upc.etsetb.arqsoft.spreadsheet.entities.impl.SpreadsheetTest.testSetCellContent_Formula_Numbers_CellRefs_Func_NumCellRefsRangesFunctionsArgs_1(SpreadsheetTest.java:202)
	at java.base/jdk.internal.reflect.NativeMethodAccessorImpl.invoke0(Native Method)
	at java.base/jdk.internal.reflect.NativeMethodAccessorImpl.invoke(NativeMethodAccessorImpl.java:64)
	at java.base/jdk.internal.reflect.DelegatingMethodAccessorImpl.invoke(DelegatingMethodAccessorImpl.java:43)
	at java.base/java.lang.reflect.Method.invoke(Method.java:564)
	at org.junit.runners.model.FrameworkMethod$1.runReflectiveCall(FrameworkMethod.java:50)
	at org.junit.internal.runners.model.ReflectiveCallable.run(ReflectiveCallable.java:12)
	at org.junit.runners.model.FrameworkMethod.invokeExplosively(FrameworkMethod.java:47)
	at org.junit.internal.runners.statements.InvokeMethod.evaluate(InvokeMethod.java:17)
	at org.junit.internal.runners.statements.RunBefores.evaluate(RunBefores.java:26)
	at org.junit.internal.runners.statements.RunAfters.evaluate(RunAfters.java:27)
	at org.junit.runners.ParentRunner.runLeaf(ParentRunner.java:325)
	at org.junit.runners.BlockJUnit4ClassRunner.runChild(BlockJUnit4ClassRunner.java:78)
	at org.junit.runners.BlockJUnit4ClassRunner.runChild(BlockJUnit4ClassRunner.java:57)
	at org.junit.runners.ParentRunner$3.run(ParentRunner.java:290)
	at org.junit.runners.ParentRunner$1.schedule(ParentRunner.java:71)
	at org.junit.runners.ParentRunner.runChildren(ParentRunner.java:288)
	at org.junit.runners.ParentRunner.access$000(ParentRunner.java:58)
	at org.junit.runners.ParentRunner$2.evaluate(ParentRunner.java:268)
	at org.junit.internal.runners.statements.RunBefores.evaluate(RunBefores.java:26)
	at org.junit.internal.runners.statements.RunAfters.evaluate(RunAfters.java:27)
	at org.junit.runners.ParentRunner.run(ParentRunner.java:363)
	at org.apache.maven.surefire.junit4.JUnit4Provider.execute(JUnit4Provider.java:252)
	at org.apache.maven.surefire.junit4.JUnit4Provider.executeTestSet(JUnit4Provider.java:141)
	at org.apache.maven.surefire.junit4.JUnit4Provider.invoke(JUnit4Provider.java:112)
	at java.base/jdk.internal.reflect.NativeMethodAccessorImpl.invoke0(Native Method)
	at java.base/jdk.internal.reflect.NativeMethodAccessorImpl.invoke(NativeMethodAccessorImpl.java:64)
	at java.base/jdk.internal.reflect.DelegatingMethodAccessorImpl.invoke(DelegatingMethodAccessorImpl.java:43)
	at java.base/java.lang.reflect.Method.invoke(Method.java:564)
	at org.apache.maven.surefire.util.ReflectionUtils.invokeMethodWithArray(ReflectionUtils.java:189)
	at org.apache.maven.surefire.booter.ProviderFactory$ProviderProxy.invoke(ProviderFactory.java:165)
	at org.apache.maven.surefire.booter.ProviderFactory.invokeProvider(ProviderFactory.java:85)
	at org.apache.maven.surefire.booter.ForkedBooter.runSuitesInProcess(ForkedBooter.java:115)
	at org.apache.maven.surefire.booter.ForkedBooter.main(ForkedBooter.java:75)
</failure>
    <system-out>setting cell content to a formula with: numbers, cell references, function (arguments: numbers,cell references,ranges,functions) - case 1
edu.upc.etsetb.arqsoft.spreadsheet.entities.CellCoordinateImpl@803
edu.upc.etsetb.arqsoft.spreadsheet.entities.ANumberImpl@3d24753a
edu.upc.etsetb.arqsoft.spreadsheet.entities.formulas.OperatorImpl@59a6e353
edu.upc.etsetb.arqsoft.spreadsheet.entities.CellCoordinateImpl@800
edu.upc.etsetb.arqsoft.spreadsheet.entities.CellCoordinateImpl@800
edu.upc.etsetb.arqsoft.spreadsheet.entities.formulas.OperatorImpl@7a0ac6e3
edu.upc.etsetb.arqsoft.spreadsheet.entities.formulas.OperatorImpl@71be98f5
edu.upc.etsetb.arqsoft.spreadsheet.entities.functions.impl.SumFunction@6fadae5d
edu.upc.etsetb.arqsoft.spreadsheet.entities.formulas.OperatorImpl@17f6480
8
8
</system-out>
  </testcase>
  <testcase classname="edu.upc.etsetb.arqsoft.spreadsheet.entities.impl.SpreadsheetTest" name="testSetCellContent_Formula_Numbers_CellRefs_Func_NumCellRefsRangesFunctionsArgs_2" time="0.019"/>
  <testcase classname="edu.upc.etsetb.arqsoft.spreadsheet.entities.impl.SpreadsheetTest" name="testSetCellContent_Formula_Numbers_CellRefs_Func_NumCellRefsRangesFunctionsArgs_3" time="0.022">
    <failure message="expected:&lt;99.5&gt; but was:&lt;215.0&gt;" type="junit.framework.AssertionFailedError">junit.framework.AssertionFailedError: expected:&lt;99.5&gt; but was:&lt;215.0&gt;
	at junit.framework.Assert.fail(Assert.java:57)
	at junit.framework.Assert.failNotEquals(Assert.java:329)
	at junit.framework.Assert.assertEquals(Assert.java:120)
	at junit.framework.Assert.assertEquals(Assert.java:129)
	at edu.upc.etsetb.arqsoft.spreadsheet.entities.impl.SpreadsheetTest.testSetCellContent_Formula_Numbers_CellRefs_Func_NumCellRefsRangesFunctionsArgs_3(SpreadsheetTest.java:225)
	at java.base/jdk.internal.reflect.NativeMethodAccessorImpl.invoke0(Native Method)
	at java.base/jdk.internal.reflect.NativeMethodAccessorImpl.invoke(NativeMethodAccessorImpl.java:64)
	at java.base/jdk.internal.reflect.DelegatingMethodAccessorImpl.invoke(DelegatingMethodAccessorImpl.java:43)
	at java.base/java.lang.reflect.Method.invoke(Method.java:564)
	at org.junit.runners.model.FrameworkMethod$1.runReflectiveCall(FrameworkMethod.java:50)
	at org.junit.internal.runners.model.ReflectiveCallable.run(ReflectiveCallable.java:12)
	at org.junit.runners.model.FrameworkMethod.invokeExplosively(FrameworkMethod.java:47)
	at org.junit.internal.runners.statements.InvokeMethod.evaluate(InvokeMethod.java:17)
	at org.junit.internal.runners.statements.RunBefores.evaluate(RunBefores.java:26)
	at org.junit.internal.runners.statements.RunAfters.evaluate(RunAfters.java:27)
	at org.junit.runners.ParentRunner.runLeaf(ParentRunner.java:325)
	at org.junit.runners.BlockJUnit4ClassRunner.runChild(BlockJUnit4ClassRunner.java:78)
	at org.junit.runners.BlockJUnit4ClassRunner.runChild(BlockJUnit4ClassRunner.java:57)
	at org.junit.runners.ParentRunner$3.run(ParentRunner.java:290)
	at org.junit.runners.ParentRunner$1.schedule(ParentRunner.java:71)
	at org.junit.runners.ParentRunner.runChildren(ParentRunner.java:288)
	at org.junit.runners.ParentRunner.access$000(ParentRunner.java:58)
	at org.junit.runners.ParentRunner$2.evaluate(ParentRunner.java:268)
	at org.junit.internal.runners.statements.RunBefores.evaluate(RunBefores.java:26)
	at org.junit.internal.runners.statements.RunAfters.evaluate(RunAfters.java:27)
	at org.junit.runners.ParentRunner.run(ParentRunner.java:363)
	at org.apache.maven.surefire.junit4.JUnit4Provider.execute(JUnit4Provider.java:252)
	at org.apache.maven.surefire.junit4.JUnit4Provider.executeTestSet(JUnit4Provider.java:141)
	at org.apache.maven.surefire.junit4.JUnit4Provider.invoke(JUnit4Provider.java:112)
	at java.base/jdk.internal.reflect.NativeMethodAccessorImpl.invoke0(Native Method)
	at java.base/jdk.internal.reflect.NativeMethodAccessorImpl.invoke(NativeMethodAccessorImpl.java:64)
	at java.base/jdk.internal.reflect.DelegatingMethodAccessorImpl.invoke(DelegatingMethodAccessorImpl.java:43)
	at java.base/java.lang.reflect.Method.invoke(Method.java:564)
	at org.apache.maven.surefire.util.ReflectionUtils.invokeMethodWithArray(ReflectionUtils.java:189)
	at org.apache.maven.surefire.booter.ProviderFactory$ProviderProxy.invoke(ProviderFactory.java:165)
	at org.apache.maven.surefire.booter.ProviderFactory.invokeProvider(ProviderFactory.java:85)
	at org.apache.maven.surefire.booter.ForkedBooter.runSuitesInProcess(ForkedBooter.java:115)
	at org.apache.maven.surefire.booter.ForkedBooter.main(ForkedBooter.java:75)
</failure>
    <system-out>setting cell content to a formula with: numbers, cell references, function (arguments: numbers,cell references,ranges,functions) - case 3
edu.upc.etsetb.arqsoft.spreadsheet.entities.CellCoordinateImpl@803
edu.upc.etsetb.arqsoft.spreadsheet.entities.ANumberImpl@4e04a765
edu.upc.etsetb.arqsoft.spreadsheet.entities.formulas.OperatorImpl@783e6358
edu.upc.etsetb.arqsoft.spreadsheet.entities.CellCoordinateImpl@800
edu.upc.etsetb.arqsoft.spreadsheet.entities.CellCoordinateImpl@800
edu.upc.etsetb.arqsoft.spreadsheet.entities.formulas.OperatorImpl@17550481
edu.upc.etsetb.arqsoft.spreadsheet.entities.formulas.OperatorImpl@735f7ae5
edu.upc.etsetb.arqsoft.spreadsheet.entities.functions.impl.SumFunction@180bc464
edu.upc.etsetb.arqsoft.spreadsheet.entities.formulas.OperatorImpl@1324409e
8
8
</system-out>
  </testcase>
  <testcase classname="edu.upc.etsetb.arqsoft.spreadsheet.entities.impl.SpreadsheetTest" name="testSetCellContent_Formula_Numbers_CellRefs_Func_NumCellRefsRangesFunctionsArgs_4" time="0.021">
    <error type="java.util.NoSuchElementException">java.util.NoSuchElementException
	at java.base/java.util.ArrayList$Itr.next(ArrayList.java:970)
	at edu.upc.etsetb.arqsoft.spreadsheet.entities.functions.impl.MaxFunction.calculateFunction(MaxFunction.java:40)
	at edu.upc.etsetb.arqsoft.spreadsheet.entities.functions.impl.MaxFunction.getArgumentValue(MaxFunction.java:48)
	at edu.upc.etsetb.arqsoft.spreadsheet.entities.functions.impl.AverageFunction.calculateFunction(AverageFunction.java:38)
	at edu.upc.etsetb.arqsoft.spreadsheet.entities.functions.impl.AverageFunction.getArgumentValue(AverageFunction.java:47)
	at edu.upc.etsetb.arqsoft.spreadsheet.entities.functions.impl.SumFunction.calculateFunction(SumFunction.java:38)
	at edu.upc.etsetb.arqsoft.spreadsheet.entities.functions.impl.SumFunction.getFormulaComponentValue(SumFunction.java:51)
	at edu.upc.etsetb.arqsoft.spreadsheet.entities.formulas.OperatorImpl.operate(OperatorImpl.java:54)
	at edu.upc.etsetb.arqsoft.spreadsheet.entities.formulas.VisitorFormulaComponents.visitOperator(VisitorFormulaComponents.java:38)
	at edu.upc.etsetb.arqsoft.spreadsheet.entities.formulas.OperatorImpl.acceptVisitor(OperatorImpl.java:43)
	at edu.upc.etsetb.arqsoft.spreadsheet.entities.formulas.EvaluatorPostFix.evaluatePostFix(EvaluatorPostFix.java:30)
	at edu.upc.etsetb.arqsoft.spreadsheet.entities.formulas.FormulaEvaluator.evaluateFormula(FormulaEvaluator.java:31)
	at edu.upc.etsetb.arqsoft.spreadsheet.entities.SpreadsheetHashMapImpl.getCellContentAsDouble(SpreadsheetHashMapImpl.java:168)
	at edu.upc.etsetb.arqsoft.spreadsheet.entities.impl.SpreadsheetTest.testSetCellContent_Formula_Numbers_CellRefs_Func_NumCellRefsRangesFunctionsArgs_4(SpreadsheetTest.java:235)
	at java.base/jdk.internal.reflect.NativeMethodAccessorImpl.invoke0(Native Method)
	at java.base/jdk.internal.reflect.NativeMethodAccessorImpl.invoke(NativeMethodAccessorImpl.java:64)
	at java.base/jdk.internal.reflect.DelegatingMethodAccessorImpl.invoke(DelegatingMethodAccessorImpl.java:43)
	at java.base/java.lang.reflect.Method.invoke(Method.java:564)
	at org.junit.runners.model.FrameworkMethod$1.runReflectiveCall(FrameworkMethod.java:50)
	at org.junit.internal.runners.model.ReflectiveCallable.run(ReflectiveCallable.java:12)
	at org.junit.runners.model.FrameworkMethod.invokeExplosively(FrameworkMethod.java:47)
	at org.junit.internal.runners.statements.InvokeMethod.evaluate(InvokeMethod.java:17)
	at org.junit.internal.runners.statements.RunBefores.evaluate(RunBefores.java:26)
	at org.junit.internal.runners.statements.RunAfters.evaluate(RunAfters.java:27)
	at org.junit.runners.ParentRunner.runLeaf(ParentRunner.java:325)
	at org.junit.runners.BlockJUnit4ClassRunner.runChild(BlockJUnit4ClassRunner.java:78)
	at org.junit.runners.BlockJUnit4ClassRunner.runChild(BlockJUnit4ClassRunner.java:57)
	at org.junit.runners.ParentRunner$3.run(ParentRunner.java:290)
	at org.junit.runners.ParentRunner$1.schedule(ParentRunner.java:71)
	at org.junit.runners.ParentRunner.runChildren(ParentRunner.java:288)
	at org.junit.runners.ParentRunner.access$000(ParentRunner.java:58)
	at org.junit.runners.ParentRunner$2.evaluate(ParentRunner.java:268)
	at org.junit.internal.runners.statements.RunBefores.evaluate(RunBefores.java:26)
	at org.junit.internal.runners.statements.RunAfters.evaluate(RunAfters.java:27)
	at org.junit.runners.ParentRunner.run(ParentRunner.java:363)
	at org.apache.maven.surefire.junit4.JUnit4Provider.execute(JUnit4Provider.java:252)
	at org.apache.maven.surefire.junit4.JUnit4Provider.executeTestSet(JUnit4Provider.java:141)
	at org.apache.maven.surefire.junit4.JUnit4Provider.invoke(JUnit4Provider.java:112)
	at java.base/jdk.internal.reflect.NativeMethodAccessorImpl.invoke0(Native Method)
	at java.base/jdk.internal.reflect.NativeMethodAccessorImpl.invoke(NativeMethodAccessorImpl.java:64)
	at java.base/jdk.internal.reflect.DelegatingMethodAccessorImpl.invoke(DelegatingMethodAccessorImpl.java:43)
	at java.base/java.lang.reflect.Method.invoke(Method.java:564)
	at org.apache.maven.surefire.util.ReflectionUtils.invokeMethodWithArray(ReflectionUtils.java:189)
	at org.apache.maven.surefire.booter.ProviderFactory$ProviderProxy.invoke(ProviderFactory.java:165)
	at org.apache.maven.surefire.booter.ProviderFactory.invokeProvider(ProviderFactory.java:85)
	at org.apache.maven.surefire.booter.ForkedBooter.runSuitesInProcess(ForkedBooter.java:115)
	at org.apache.maven.surefire.booter.ForkedBooter.main(ForkedBooter.java:75)
</error>
    <system-out>setting cell content to a formula with: numbers, cell references, function (arguments: numbers,cell references,ranges,functions) - case 4
edu.upc.etsetb.arqsoft.spreadsheet.entities.CellCoordinateImpl@803
edu.upc.etsetb.arqsoft.spreadsheet.entities.ANumberImpl@246ae04d
edu.upc.etsetb.arqsoft.spreadsheet.entities.formulas.OperatorImpl@62043840
edu.upc.etsetb.arqsoft.spreadsheet.entities.CellCoordinateImpl@800
edu.upc.etsetb.arqsoft.spreadsheet.entities.CellCoordinateImpl@800
edu.upc.etsetb.arqsoft.spreadsheet.entities.formulas.OperatorImpl@5315b42e
edu.upc.etsetb.arqsoft.spreadsheet.entities.formulas.OperatorImpl@2ef9b8bc
edu.upc.etsetb.arqsoft.spreadsheet.entities.functions.impl.SumFunction@5d624da6
edu.upc.etsetb.arqsoft.spreadsheet.entities.formulas.OperatorImpl@1e67b872
8
11
2
</system-out>
  </testcase>
</testsuite>